==15536== Helgrind, a thread error detector
==15536== Copyright (C) 2007-2017, and GNU GPL'd, by OpenWorks LLP et al.
==15536== Using Valgrind-3.18.1-42b08ed5bd-20211015 and LibVEX; rerun with -h for copyright info
==15536== Command: ./bin/trains
==15536== Parent PID: 15535
==15536== 
--15536-- 
--15536-- Valgrind options:
--15536--    --tool=helgrind
--15536--    -v
--15536--    --log-file=threads2.log
--15536-- Contents of /proc/version:
--15536--   Linux version 5.19.0-45-generic (buildd@lcy02-amd64-063) (x86_64-linux-gnu-gcc-12 (Ubuntu 12.2.0-3ubuntu1) 12.2.0, GNU ld (GNU Binutils for Ubuntu) 2.39) #46-Ubuntu SMP PREEMPT_DYNAMIC Wed Jun 7 09:08:58 UTC 2023
--15536-- 
--15536-- Arch and hwcaps: AMD64, LittleEndian, amd64-cx16-lzcnt-rdtscp-sse3-ssse3-avx-avx2-bmi-f16c-rdrand-rdseed
--15536-- Page sizes: currently 4096, max supported 4096
--15536-- Valgrind library directory: /usr/libexec/valgrind
==15536== helgrind --delta-stacktrace=yes only works with --vex-guest-chase=no
==15536== => (re-setting it to 'no')
--15536-- Reading syms from /home/szymon/programming/cpp/trains/bin/trains
--15536-- Reading syms from /usr/lib/x86_64-linux-gnu/ld-linux-x86-64.so.2
--15536--   Considering /usr/lib/debug/.build-id/29/2e105c0bb3ee8e8f5b917f8af764373d206659.debug ..
--15536--   .. build-id is valid
--15536-- Reading syms from /usr/libexec/valgrind/helgrind-amd64-linux
--15536--    object doesn't have a symbol table
--15536--    object doesn't have a dynamic symbol table
--15536-- Scheduler: using generic scheduler lock implementation.
--15536-- Reading suppressions file: /usr/libexec/valgrind/default.supp
==15536== embedded gdbserver: reading from /tmp/vgdb-pipe-from-vgdb-to-15536-by-szymon-on-???
==15536== embedded gdbserver: writing to   /tmp/vgdb-pipe-to-vgdb-from-15536-by-szymon-on-???
==15536== embedded gdbserver: shared mem   /tmp/vgdb-pipe-shared-mem-vgdb-15536-by-szymon-on-???
==15536== 
==15536== TO CONTROL THIS PROCESS USING vgdb (which you probably
==15536== don't want to do, unless you know exactly what you're doing,
==15536== or are doing some strange experiment):
==15536==   /usr/bin/vgdb --pid=15536 ...command...
==15536== 
==15536== TO DEBUG THIS PROCESS USING GDB: start GDB like this
==15536==   /path/to/gdb ./bin/trains
==15536== and then give GDB the following command
==15536==   target remote | /usr/bin/vgdb --pid=15536
==15536== --pid is optional if only one valgrind process is running
==15536== 
--15536-- Reading syms from /usr/libexec/valgrind/vgpreload_core-amd64-linux.so
--15536--    object doesn't have a symbol table
--15536-- Reading syms from /usr/libexec/valgrind/vgpreload_helgrind-amd64-linux.so
--15536--    object doesn't have a symbol table
--15536-- REDIR: 0x40257b0 (ld-linux-x86-64.so.2:strcmp) redirected to 0x4852720 (strcmp)
--15536-- REDIR: 0x4026dd0 (ld-linux-x86-64.so.2:strlen) redirected to 0x4851c20 (strlen)
--15536-- REDIR: 0x40249d0 (ld-linux-x86-64.so.2:mempcpy) redirected to 0x48558f0 (mempcpy)
--15536-- Reading syms from /usr/lib/x86_64-linux-gnu/libncurses.so.6.3
--15536--    object doesn't have a symbol table
--15536-- Reading syms from /usr/lib/x86_64-linux-gnu/libtinfo.so.6.3
--15536--    object doesn't have a symbol table
--15536-- Reading syms from /usr/lib/x86_64-linux-gnu/libstdc++.so.6.0.30
--15536--    object doesn't have a symbol table
--15536-- Reading syms from /usr/lib/x86_64-linux-gnu/libm.so.6
--15536--   Considering /usr/lib/debug/.build-id/69/c0f56e574b311a0d256e8ede640fab11c1407d.debug ..
--15536--   .. build-id is valid
--15536-- Reading syms from /usr/lib/x86_64-linux-gnu/libgcc_s.so.1
--15536--    object doesn't have a symbol table
--15536-- Reading syms from /usr/lib/x86_64-linux-gnu/libc.so.6
--15536--   Considering /usr/lib/debug/.build-id/d1/704d25fbbb72fa95d517b883131828c0883fe9.debug ..
--15536--   .. build-id is valid
==15536== WARNING: new redirection conflicts with existing -- ignoring it
--15536--     old: 0x04c9d610 (pthread_spin_init@@G) W-> (0000.0) 0x048511c0 pthread_spin_init
--15536--     new: 0x04c9d610 (pthread_spin_init@@G) W-> (0000.0) 0x048511d0 pthread_spin_unlock
==15536== WARNING: new redirection conflicts with existing -- ignoring it
--15536--     old: 0x04c9d610 (pthread_spin_init@@G) W-> (0000.0) 0x048511c0 pthread_spin_init
--15536--     new: 0x04c9d610 (pthread_spin_init@@G) W-> (0000.0) 0x048511d0 pthread_spin_unlock
==15536== WARNING: new redirection conflicts with existing -- ignoring it
--15536--     old: 0x04c9dc50 (sem_post@@GLIBC_2.34) W-> (0000.0) 0x048512d0 sem_post@*
--15536--     new: 0x04c9dc50 (sem_post@@GLIBC_2.34) W-> (0000.0) 0x048512c0 sem_post
==15536== WARNING: new redirection conflicts with existing -- ignoring it
--15536--     old: 0x04c9dc50 (sem_post@@GLIBC_2.34) W-> (0000.0) 0x048512d0 sem_post@*
--15536--     new: 0x04c9dc50 (sem_post@@GLIBC_2.34) W-> (0000.0) 0x048512c0 sem_post
==15536== WARNING: new redirection conflicts with existing -- ignoring it
--15536--     old: 0x04c9e480 (sem_wait@@GLIBC_2.34) W-> (0000.0) 0x048512b0 sem_wait@*
--15536--     new: 0x04c9e480 (sem_wait@@GLIBC_2.34) W-> (0000.0) 0x048512a0 sem_wait
==15536== WARNING: new redirection conflicts with existing -- ignoring it
--15536--     old: 0x04c9e480 (sem_wait@@GLIBC_2.34) W-> (0000.0) 0x048512b0 sem_wait@*
--15536--     new: 0x04c9e480 (sem_wait@@GLIBC_2.34) W-> (0000.0) 0x048512a0 sem_wait
==15536== WARNING: new redirection conflicts with existing -- ignoring it
--15536--     old: 0x04ca71d0 (memalign            ) R-> (1011.0) 0x0484c100 memalign
--15536--     new: 0x04ca71d0 (memalign            ) R-> (1017.0) 0x0484c0d0 aligned_alloc
==15536== WARNING: new redirection conflicts with existing -- ignoring it
--15536--     old: 0x04ca71d0 (memalign            ) R-> (1011.0) 0x0484c100 memalign
--15536--     new: 0x04ca71d0 (memalign            ) R-> (1017.0) 0x0484c0a0 aligned_alloc
--15536-- REDIR: 0x4cae040 (libc.so.6:strnlen) redirected to 0x483b220 (_vgnU_ifunc_wrapper)
--15536-- REDIR: 0x4cae0d0 (libc.so.6:strpbrk) redirected to 0x483b220 (_vgnU_ifunc_wrapper)
--15536-- REDIR: 0x4cac1a0 (libc.so.6:strcmp) redirected to 0x483b220 (_vgnU_ifunc_wrapper)
--15536-- REDIR: 0x4cc3660 (libc.so.6:wcsnlen) redirected to 0x483b220 (_vgnU_ifunc_wrapper)
--15536-- REDIR: 0x4cab2b0 (libc.so.6:memset) redirected to 0x483b220 (_vgnU_ifunc_wrapper)
--15536-- REDIR: 0x4cc1d30 (libc.so.6:wcslen) redirected to 0x483b220 (_vgnU_ifunc_wrapper)
--15536-- REDIR: 0x4caa790 (libc.so.6:memcpy@@GLIBC_2.14) redirected to 0x483b220 (_vgnU_ifunc_wrapper)
--15536-- REDIR: 0x4cc1b40 (libc.so.6:wcschr) redirected to 0x483b220 (_vgnU_ifunc_wrapper)
--15536-- REDIR: 0x4cac090 (libc.so.6:index) redirected to 0x483b220 (_vgnU_ifunc_wrapper)
--15536-- REDIR: 0x4cae100 (libc.so.6:rindex) redirected to 0x483b220 (_vgnU_ifunc_wrapper)
--15536-- REDIR: 0x4cc1bd0 (libc.so.6:wcscmp) redirected to 0x483b220 (_vgnU_ifunc_wrapper)
--15536-- REDIR: 0x4cab500 (libc.so.6:stpncpy) redirected to 0x483b220 (_vgnU_ifunc_wrapper)
--15536-- REDIR: 0x4cc2180 (libc.so.6:wmemchr) redirected to 0x483b220 (_vgnU_ifunc_wrapper)
--15536-- REDIR: 0x4cadee0 (libc.so.6:strncmp) redirected to 0x483b220 (_vgnU_ifunc_wrapper)
--15536-- REDIR: 0x4cab570 (libc.so.6:strcasecmp) redirected to 0x483b220 (_vgnU_ifunc_wrapper)
--15536-- REDIR: 0x4cad3f0 (libc.so.6:strcspn) redirected to 0x483b220 (_vgnU_ifunc_wrapper)
--15536-- REDIR: 0x4cc1c60 (libc.so.6:wcscpy) redirected to 0x483b220 (_vgnU_ifunc_wrapper)
--15536-- REDIR: 0x4cac010 (libc.so.6:strcat) redirected to 0x483b220 (_vgnU_ifunc_wrapper)
--15536-- REDIR: 0x4caddd0 (libc.so.6:strncasecmp_l) redirected to 0x483b220 (_vgnU_ifunc_wrapper)
--15536-- REDIR: 0x4caa690 (libc.so.6:bcmp) redirected to 0x483b220 (_vgnU_ifunc_wrapper)
--15536-- REDIR: 0x4cab220 (libc.so.6:memrchr) redirected to 0x483b220 (_vgnU_ifunc_wrapper)
--15536-- REDIR: 0x4cac110 (libc.so.6:strchrnul) redirected to 0x483b220 (_vgnU_ifunc_wrapper)
--15536-- REDIR: 0x4cad370 (libc.so.6:strcpy) redirected to 0x483b220 (_vgnU_ifunc_wrapper)
--15536-- REDIR: 0x4cab610 (libc.so.6:strcasecmp_l) redirected to 0x483b220 (_vgnU_ifunc_wrapper)
--15536-- REDIR: 0x4cadca0 (libc.so.6:strlen) redirected to 0x483b220 (_vgnU_ifunc_wrapper)
--15536-- REDIR: 0x4cadf80 (libc.so.6:strncpy) redirected to 0x483b220 (_vgnU_ifunc_wrapper)
--15536-- REDIR: 0x4cab480 (libc.so.6:stpcpy) redirected to 0x483b220 (_vgnU_ifunc_wrapper)
--15536-- REDIR: 0x4caafe0 (libc.so.6:memmove) redirected to 0x483b220 (_vgnU_ifunc_wrapper)
==15536== Preferring higher priority redirection:
--15536--     old: 0x04d77c00 (__memcpy_avx_unalign) R-> (2018.0) 0x048538a0 __memcpy_avx_unaligned_erms
--15536--     new: 0x04d77c00 (__memcpy_avx_unalign) R-> (2018.1) 0x04854bb0 memmove
--15536-- REDIR: 0x4caa600 (libc.so.6:memchr) redirected to 0x483b220 (_vgnU_ifunc_wrapper)
--15536-- REDIR: 0x4cae2c0 (libc.so.6:strspn) redirected to 0x483b220 (_vgnU_ifunc_wrapper)
--15536-- REDIR: 0x4cab100 (libc.so.6:mempcpy) redirected to 0x483b220 (_vgnU_ifunc_wrapper)
--15536-- REDIR: 0x4cadd30 (libc.so.6:strncasecmp) redirected to 0x483b220 (_vgnU_ifunc_wrapper)
--15536-- REDIR: 0x4cab3b0 (libc.so.6:rawmemchr) redirected to 0x483b220 (_vgnU_ifunc_wrapper)
--15536-- REDIR: 0x4cade70 (libc.so.6:strncat) redirected to 0x483b220 (_vgnU_ifunc_wrapper)
--15536-- REDIR: 0x4d33320 (libc.so.6:__memcpy_chk) redirected to 0x483b220 (_vgnU_ifunc_wrapper)
--15536-- REDIR: 0x4caeaf0 (libc.so.6:strstr) redirected to 0x483b220 (_vgnU_ifunc_wrapper)
--15536-- REDIR: 0x4d7dcf0 (libc.so.6:__strrchr_avx2) redirected to 0x48517c0 (rindex)
--15536-- REDIR: 0x4ca6660 (libc.so.6:malloc) redirected to 0x48468a0 (malloc)
--15536-- REDIR: 0x4d7b3a0 (libc.so.6:__strlen_avx2) redirected to 0x4851b00 (strlen)
--15536-- REDIR: 0x4d774a0 (libc.so.6:__memcmp_avx2_movbe) redirected to 0x48547e0 (bcmp)
--15536-- REDIR: 0x4d7aab0 (libc.so.6:__strcmp_avx2) redirected to 0x4852620 (strcmp)
--15536-- REDIR: 0x497fab0 (libstdc++.so.6:operator new(unsigned long)) redirected to 0x4847020 (operator new(unsigned long))
--15536-- REDIR: 0x4d77c00 (libc.so.6:__memcpy_avx_unaligned_erms) redirected to 0x4854bb0 (memmove)
--15536-- REDIR: 0x497fb10 (libstdc++.so.6:operator new[](unsigned long)) redirected to 0x4848300 (operator new[](unsigned long))
--15536-- REDIR: 0x497dd60 (libstdc++.so.6:operator delete(void*, unsigned long)) redirected to 0x4849b80 (operator delete(void*, unsigned long))
--15536-- REDIR: 0x4c996e0 (libc.so.6:pthread_mutex_lock@@GLIBC_2.2.5) redirected to 0x4850cb0 (pthread_mutex_lock)
--15536-- REDIR: 0x4c9b120 (libc.so.6:pthread_mutex_unlock@@GLIBC_2.2.5) redirected to 0x4850ce0 (pthread_mutex_unlock)
--15536-- REDIR: 0x4c96560 (libc.so.6:pthread_create@@GLIBC_2.34) redirected to 0x4850890 (pthread_create@*)
--15536-- REDIR: 0x4ca7a60 (libc.so.6:calloc) redirected to 0x484ba50 (calloc)
==15536== ---Thread-Announcement------------------------------------------
==15536== 
==15536== Thread #2 was created
==15536==    at 0x4D24733: clone (clone.S:76)
==15536==    by 0x4D25630: __clone_internal (clone-internal.c:83)
==15536==    by 0x4C9600F: create_thread (pthread_create.c:295)
==15536==    by 0x4C96AC6: pthread_create@@GLIBC_2.34 (pthread_create.c:831)
==15536==    by 0x484F767: ??? (in /usr/libexec/valgrind/vgpreload_helgrind-amd64-linux.so)
==15536==    by 0x49AD478: std::thread::_M_start_thread(std::unique_ptr<std::thread::_State, std::default_delete<std::thread::_State> >, void (*)()) (in /usr/lib/x86_64-linux-gnu/libstdc++.so.6.0.30)
==15536==    by 0x11817A: std::thread::thread<void (Station::*)(), Station*&, void>(void (Station::*&&)(), Station*&) (std_thread.h:142)
==15536==    by 0x1170E0: main (main.cpp:142)
==15536== 
==15536== ----------------------------------------------------------------
==15536== 
==15536== Thread #2 unlocked a not-locked lock at 0x4E21B30
==15536==    at 0x484D1E6: ??? (in /usr/libexec/valgrind/vgpreload_helgrind-amd64-linux.so)
==15536==    by 0x112E51: __gthread_mutex_unlock(pthread_mutex_t*) (gthr-default.h:779)
==15536==    by 0x112ED5: std::mutex::unlock() (std_mutex.h:118)
==15536==    by 0x1130C2: std::lock_guard<std::mutex>::~lock_guard() (std_mutex.h:235)
==15536==    by 0x112467: Station::arrivingMechanism() (Station.cpp:88)
==15536==    by 0x11B59E: void std::__invoke_impl<void, void (Station::*)(), Station*>(std::__invoke_memfun_deref, void (Station::*&&)(), Station*&&) (invoke.h:74)
==15536==    by 0x11B436: std::__invoke_result<void (Station::*)(), Station*>::type std::__invoke<void (Station::*)(), Station*>(void (Station::*&&)(), Station*&&) (invoke.h:96)
==15536==    by 0x11B2F6: void std::thread::_Invoker<std::tuple<void (Station::*)(), Station*> >::_M_invoke<0ul, 1ul>(std::_Index_tuple<0ul, 1ul>) (std_thread.h:252)
==15536==    by 0x11B25D: std::thread::_Invoker<std::tuple<void (Station::*)(), Station*> >::operator()() (std_thread.h:259)
==15536==    by 0x11B21D: std::thread::_State_impl<std::thread::_Invoker<std::tuple<void (Station::*)(), Station*> > >::_M_run() (std_thread.h:210)
==15536==    by 0x49AD3A2: ??? (in /usr/lib/x86_64-linux-gnu/libstdc++.so.6.0.30)
==15536==    by 0x484F96A: ??? (in /usr/libexec/valgrind/vgpreload_helgrind-amd64-linux.so)
==15536==  Lock at 0x4E21B30 was first observed
==15536==    at 0x484CCCF: ??? (in /usr/libexec/valgrind/vgpreload_helgrind-amd64-linux.so)
==15536==    by 0x112E22: __gthread_mutex_lock(pthread_mutex_t*) (gthr-default.h:749)
==15536==    by 0x112EA3: std::mutex::lock() (std_mutex.h:100)
==15536==    by 0x11309F: std::lock_guard<std::mutex>::lock_guard(std::mutex&) (std_mutex.h:229)
==15536==    by 0x1122CF: Station::arrivingMechanism() (Station.cpp:79)
==15536==    by 0x11B59E: void std::__invoke_impl<void, void (Station::*)(), Station*>(std::__invoke_memfun_deref, void (Station::*&&)(), Station*&&) (invoke.h:74)
==15536==    by 0x11B436: std::__invoke_result<void (Station::*)(), Station*>::type std::__invoke<void (Station::*)(), Station*>(void (Station::*&&)(), Station*&&) (invoke.h:96)
==15536==    by 0x11B2F6: void std::thread::_Invoker<std::tuple<void (Station::*)(), Station*> >::_M_invoke<0ul, 1ul>(std::_Index_tuple<0ul, 1ul>) (std_thread.h:252)
==15536==    by 0x11B25D: std::thread::_Invoker<std::tuple<void (Station::*)(), Station*> >::operator()() (std_thread.h:259)
==15536==    by 0x11B21D: std::thread::_State_impl<std::thread::_Invoker<std::tuple<void (Station::*)(), Station*> > >::_M_run() (std_thread.h:210)
==15536==    by 0x49AD3A2: ??? (in /usr/lib/x86_64-linux-gnu/libstdc++.so.6.0.30)
==15536==    by 0x484F96A: ??? (in /usr/libexec/valgrind/vgpreload_helgrind-amd64-linux.so)
==15536==  Address 0x4e21b30 is 304 bytes inside a block of size 408 alloc'd
==15536==    at 0x4847093: operator new(unsigned long) (in /usr/libexec/valgrind/vgpreload_helgrind-amd64-linux.so)
==15536==    by 0x116888: main (main.cpp:91)
==15536==  Block was alloc'd by thread #1
==15536== 
==15536== 
--15536-- REDIR: 0x4d78600 (libc.so.6:__memset_avx2_unaligned_erms) redirected to 0x4854aa0 (memset)
==15536== ---Thread-Announcement------------------------------------------
==15536== 
==15536== Thread #4 was created
==15536==    at 0x4D24733: clone (clone.S:76)
==15536==    by 0x4D25630: __clone_internal (clone-internal.c:83)
==15536==    by 0x4C9600F: create_thread (pthread_create.c:295)
==15536==    by 0x4C96AC6: pthread_create@@GLIBC_2.34 (pthread_create.c:831)
==15536==    by 0x484F767: ??? (in /usr/libexec/valgrind/vgpreload_helgrind-amd64-linux.so)
==15536==    by 0x49AD478: std::thread::_M_start_thread(std::unique_ptr<std::thread::_State, std::default_delete<std::thread::_State> >, void (*)()) (in /usr/lib/x86_64-linux-gnu/libstdc++.so.6.0.30)
==15536==    by 0x11817A: std::thread::thread<void (Station::*)(), Station*&, void>(void (Station::*&&)(), Station*&) (std_thread.h:142)
==15536==    by 0x1170E0: main (main.cpp:142)
==15536== 
==15536== ----------------------------------------------------------------
==15536== 
==15536== Thread #4 unlocked a not-locked lock at 0x4E22020
==15536==    at 0x484D1E6: ??? (in /usr/libexec/valgrind/vgpreload_helgrind-amd64-linux.so)
==15536==    by 0x112E51: __gthread_mutex_unlock(pthread_mutex_t*) (gthr-default.h:779)
==15536==    by 0x112ED5: std::mutex::unlock() (std_mutex.h:118)
==15536==    by 0x1130C2: std::lock_guard<std::mutex>::~lock_guard() (std_mutex.h:235)
==15536==    by 0x112467: Station::arrivingMechanism() (Station.cpp:88)
==15536==    by 0x11B59E: void std::__invoke_impl<void, void (Station::*)(), Station*>(std::__invoke_memfun_deref, void (Station::*&&)(), Station*&&) (invoke.h:74)
==15536==    by 0x11B436: std::__invoke_result<void (Station::*)(), Station*>::type std::__invoke<void (Station::*)(), Station*>(void (Station::*&&)(), Station*&&) (invoke.h:96)
==15536==    by 0x11B2F6: void std::thread::_Invoker<std::tuple<void (Station::*)(), Station*> >::_M_invoke<0ul, 1ul>(std::_Index_tuple<0ul, 1ul>) (std_thread.h:252)
==15536==    by 0x11B25D: std::thread::_Invoker<std::tuple<void (Station::*)(), Station*> >::operator()() (std_thread.h:259)
==15536==    by 0x11B21D: std::thread::_State_impl<std::thread::_Invoker<std::tuple<void (Station::*)(), Station*> > >::_M_run() (std_thread.h:210)
==15536==    by 0x49AD3A2: ??? (in /usr/lib/x86_64-linux-gnu/libstdc++.so.6.0.30)
==15536==    by 0x484F96A: ??? (in /usr/libexec/valgrind/vgpreload_helgrind-amd64-linux.so)
==15536==  Lock at 0x4E22020 was first observed
==15536==    at 0x484CCCF: ??? (in /usr/libexec/valgrind/vgpreload_helgrind-amd64-linux.so)
==15536==    by 0x112E22: __gthread_mutex_lock(pthread_mutex_t*) (gthr-default.h:749)
==15536==    by 0x112EA3: std::mutex::lock() (std_mutex.h:100)
==15536==    by 0x11309F: std::lock_guard<std::mutex>::lock_guard(std::mutex&) (std_mutex.h:229)
==15536==    by 0x1122CF: Station::arrivingMechanism() (Station.cpp:79)
==15536==    by 0x11B59E: void std::__invoke_impl<void, void (Station::*)(), Station*>(std::__invoke_memfun_deref, void (Station::*&&)(), Station*&&) (invoke.h:74)
==15536==    by 0x11B436: std::__invoke_result<void (Station::*)(), Station*>::type std::__invoke<void (Station::*)(), Station*>(void (Station::*&&)(), Station*&&) (invoke.h:96)
==15536==    by 0x11B2F6: void std::thread::_Invoker<std::tuple<void (Station::*)(), Station*> >::_M_invoke<0ul, 1ul>(std::_Index_tuple<0ul, 1ul>) (std_thread.h:252)
==15536==    by 0x11B25D: std::thread::_Invoker<std::tuple<void (Station::*)(), Station*> >::operator()() (std_thread.h:259)
==15536==    by 0x11B21D: std::thread::_State_impl<std::thread::_Invoker<std::tuple<void (Station::*)(), Station*> > >::_M_run() (std_thread.h:210)
==15536==    by 0x49AD3A2: ??? (in /usr/lib/x86_64-linux-gnu/libstdc++.so.6.0.30)
==15536==    by 0x484F96A: ??? (in /usr/libexec/valgrind/vgpreload_helgrind-amd64-linux.so)
==15536==  Address 0x4e22020 is 304 bytes inside a block of size 408 alloc'd
==15536==    at 0x4847093: operator new(unsigned long) (in /usr/libexec/valgrind/vgpreload_helgrind-amd64-linux.so)
==15536==    by 0x11694F: main (main.cpp:93)
==15536==  Block was alloc'd by thread #1
==15536== 
==15536== 
==15536== ---Thread-Announcement------------------------------------------
==15536== 
==15536== Thread #6 was created
==15536==    at 0x4D24733: clone (clone.S:76)
==15536==    by 0x4D25630: __clone_internal (clone-internal.c:83)
==15536==    by 0x4C9600F: create_thread (pthread_create.c:295)
==15536==    by 0x4C96AC6: pthread_create@@GLIBC_2.34 (pthread_create.c:831)
==15536==    by 0x484F767: ??? (in /usr/libexec/valgrind/vgpreload_helgrind-amd64-linux.so)
==15536==    by 0x49AD478: std::thread::_M_start_thread(std::unique_ptr<std::thread::_State, std::default_delete<std::thread::_State> >, void (*)()) (in /usr/lib/x86_64-linux-gnu/libstdc++.so.6.0.30)
==15536==    by 0x11817A: std::thread::thread<void (Station::*)(), Station*&, void>(void (Station::*&&)(), Station*&) (std_thread.h:142)
==15536==    by 0x1170E0: main (main.cpp:142)
==15536== 
==15536== ----------------------------------------------------------------
==15536== 
==15536== Thread #6 unlocked a not-locked lock at 0x4E22510
==15536==    at 0x484D1E6: ??? (in /usr/libexec/valgrind/vgpreload_helgrind-amd64-linux.so)
==15536==    by 0x112E51: __gthread_mutex_unlock(pthread_mutex_t*) (gthr-default.h:779)
==15536==    by 0x112ED5: std::mutex::unlock() (std_mutex.h:118)
==15536==    by 0x1130C2: std::lock_guard<std::mutex>::~lock_guard() (std_mutex.h:235)
==15536==    by 0x112467: Station::arrivingMechanism() (Station.cpp:88)
==15536==    by 0x11B59E: void std::__invoke_impl<void, void (Station::*)(), Station*>(std::__invoke_memfun_deref, void (Station::*&&)(), Station*&&) (invoke.h:74)
==15536==    by 0x11B436: std::__invoke_result<void (Station::*)(), Station*>::type std::__invoke<void (Station::*)(), Station*>(void (Station::*&&)(), Station*&&) (invoke.h:96)
==15536==    by 0x11B2F6: void std::thread::_Invoker<std::tuple<void (Station::*)(), Station*> >::_M_invoke<0ul, 1ul>(std::_Index_tuple<0ul, 1ul>) (std_thread.h:252)
==15536==    by 0x11B25D: std::thread::_Invoker<std::tuple<void (Station::*)(), Station*> >::operator()() (std_thread.h:259)
==15536==    by 0x11B21D: std::thread::_State_impl<std::thread::_Invoker<std::tuple<void (Station::*)(), Station*> > >::_M_run() (std_thread.h:210)
==15536==    by 0x49AD3A2: ??? (in /usr/lib/x86_64-linux-gnu/libstdc++.so.6.0.30)
==15536==    by 0x484F96A: ??? (in /usr/libexec/valgrind/vgpreload_helgrind-amd64-linux.so)
==15536==  Lock at 0x4E22510 was first observed
==15536==    at 0x484CCCF: ??? (in /usr/libexec/valgrind/vgpreload_helgrind-amd64-linux.so)
==15536==    by 0x112E22: __gthread_mutex_lock(pthread_mutex_t*) (gthr-default.h:749)
==15536==    by 0x112EA3: std::mutex::lock() (std_mutex.h:100)
==15536==    by 0x11309F: std::lock_guard<std::mutex>::lock_guard(std::mutex&) (std_mutex.h:229)
==15536==    by 0x1122CF: Station::arrivingMechanism() (Station.cpp:79)
==15536==    by 0x11B59E: void std::__invoke_impl<void, void (Station::*)(), Station*>(std::__invoke_memfun_deref, void (Station::*&&)(), Station*&&) (invoke.h:74)
==15536==    by 0x11B436: std::__invoke_result<void (Station::*)(), Station*>::type std::__invoke<void (Station::*)(), Station*>(void (Station::*&&)(), Station*&&) (invoke.h:96)
==15536==    by 0x11B2F6: void std::thread::_Invoker<std::tuple<void (Station::*)(), Station*> >::_M_invoke<0ul, 1ul>(std::_Index_tuple<0ul, 1ul>) (std_thread.h:252)
==15536==    by 0x11B25D: std::thread::_Invoker<std::tuple<void (Station::*)(), Station*> >::operator()() (std_thread.h:259)
==15536==    by 0x11B21D: std::thread::_State_impl<std::thread::_Invoker<std::tuple<void (Station::*)(), Station*> > >::_M_run() (std_thread.h:210)
==15536==    by 0x49AD3A2: ??? (in /usr/lib/x86_64-linux-gnu/libstdc++.so.6.0.30)
==15536==    by 0x484F96A: ??? (in /usr/libexec/valgrind/vgpreload_helgrind-amd64-linux.so)
==15536==  Address 0x4e22510 is 304 bytes inside a block of size 408 alloc'd
==15536==    at 0x4847093: operator new(unsigned long) (in /usr/libexec/valgrind/vgpreload_helgrind-amd64-linux.so)
==15536==    by 0x116A16: main (main.cpp:95)
==15536==  Block was alloc'd by thread #1
==15536== 
==15536== 
==15536== ---Thread-Announcement------------------------------------------
==15536== 
==15536== Thread #8 was created
==15536==    at 0x4D24733: clone (clone.S:76)
==15536==    by 0x4D25630: __clone_internal (clone-internal.c:83)
==15536==    by 0x4C9600F: create_thread (pthread_create.c:295)
==15536==    by 0x4C96AC6: pthread_create@@GLIBC_2.34 (pthread_create.c:831)
==15536==    by 0x484F767: ??? (in /usr/libexec/valgrind/vgpreload_helgrind-amd64-linux.so)
==15536==    by 0x49AD478: std::thread::_M_start_thread(std::unique_ptr<std::thread::_State, std::default_delete<std::thread::_State> >, void (*)()) (in /usr/lib/x86_64-linux-gnu/libstdc++.so.6.0.30)
==15536==    by 0x11817A: std::thread::thread<void (Station::*)(), Station*&, void>(void (Station::*&&)(), Station*&) (std_thread.h:142)
==15536==    by 0x1170E0: main (main.cpp:142)
==15536== 
==15536== ----------------------------------------------------------------
==15536== 
==15536== Thread #8 unlocked a not-locked lock at 0x4E22A00
==15536==    at 0x484D1E6: ??? (in /usr/libexec/valgrind/vgpreload_helgrind-amd64-linux.so)
==15536==    by 0x112E51: __gthread_mutex_unlock(pthread_mutex_t*) (gthr-default.h:779)
==15536==    by 0x112ED5: std::mutex::unlock() (std_mutex.h:118)
==15536==    by 0x1130C2: std::lock_guard<std::mutex>::~lock_guard() (std_mutex.h:235)
==15536==    by 0x112467: Station::arrivingMechanism() (Station.cpp:88)
==15536==    by 0x11B59E: void std::__invoke_impl<void, void (Station::*)(), Station*>(std::__invoke_memfun_deref, void (Station::*&&)(), Station*&&) (invoke.h:74)
==15536==    by 0x11B436: std::__invoke_result<void (Station::*)(), Station*>::type std::__invoke<void (Station::*)(), Station*>(void (Station::*&&)(), Station*&&) (invoke.h:96)
==15536==    by 0x11B2F6: void std::thread::_Invoker<std::tuple<void (Station::*)(), Station*> >::_M_invoke<0ul, 1ul>(std::_Index_tuple<0ul, 1ul>) (std_thread.h:252)
==15536==    by 0x11B25D: std::thread::_Invoker<std::tuple<void (Station::*)(), Station*> >::operator()() (std_thread.h:259)
==15536==    by 0x11B21D: std::thread::_State_impl<std::thread::_Invoker<std::tuple<void (Station::*)(), Station*> > >::_M_run() (std_thread.h:210)
==15536==    by 0x49AD3A2: ??? (in /usr/lib/x86_64-linux-gnu/libstdc++.so.6.0.30)
==15536==    by 0x484F96A: ??? (in /usr/libexec/valgrind/vgpreload_helgrind-amd64-linux.so)
==15536==  Lock at 0x4E22A00 was first observed
==15536==    at 0x484CCCF: ??? (in /usr/libexec/valgrind/vgpreload_helgrind-amd64-linux.so)
==15536==    by 0x112E22: __gthread_mutex_lock(pthread_mutex_t*) (gthr-default.h:749)
==15536==    by 0x112EA3: std::mutex::lock() (std_mutex.h:100)
==15536==    by 0x11309F: std::lock_guard<std::mutex>::lock_guard(std::mutex&) (std_mutex.h:229)
==15536==    by 0x1122CF: Station::arrivingMechanism() (Station.cpp:79)
==15536==    by 0x11B59E: void std::__invoke_impl<void, void (Station::*)(), Station*>(std::__invoke_memfun_deref, void (Station::*&&)(), Station*&&) (invoke.h:74)
==15536==    by 0x11B436: std::__invoke_result<void (Station::*)(), Station*>::type std::__invoke<void (Station::*)(), Station*>(void (Station::*&&)(), Station*&&) (invoke.h:96)
==15536==    by 0x11B2F6: void std::thread::_Invoker<std::tuple<void (Station::*)(), Station*> >::_M_invoke<0ul, 1ul>(std::_Index_tuple<0ul, 1ul>) (std_thread.h:252)
==15536==    by 0x11B25D: std::thread::_Invoker<std::tuple<void (Station::*)(), Station*> >::operator()() (std_thread.h:259)
==15536==    by 0x11B21D: std::thread::_State_impl<std::thread::_Invoker<std::tuple<void (Station::*)(), Station*> > >::_M_run() (std_thread.h:210)
==15536==    by 0x49AD3A2: ??? (in /usr/lib/x86_64-linux-gnu/libstdc++.so.6.0.30)
==15536==    by 0x484F96A: ??? (in /usr/libexec/valgrind/vgpreload_helgrind-amd64-linux.so)
==15536==  Address 0x4e22a00 is 304 bytes inside a block of size 408 alloc'd
==15536==    at 0x4847093: operator new(unsigned long) (in /usr/libexec/valgrind/vgpreload_helgrind-amd64-linux.so)
==15536==    by 0x116ADD: main (main.cpp:97)
==15536==  Block was alloc'd by thread #1
==15536== 
==15536== 
==15536== 
==15536== Process terminating with default action of signal 2 (SIGINT)
==15536==    at 0x484CCCF: ??? (in /usr/libexec/valgrind/vgpreload_helgrind-amd64-linux.so)
==15536==    by 0x112E22: __gthread_mutex_lock(pthread_mutex_t*) (gthr-default.h:749)
==15536==    by 0x112EA3: std::mutex::lock() (std_mutex.h:100)
==15536==    by 0x11309F: std::lock_guard<std::mutex>::lock_guard(std::mutex&) (std_mutex.h:229)
==15536==    by 0x1122CF: Station::arrivingMechanism() (Station.cpp:79)
==15536==    by 0x11B59E: void std::__invoke_impl<void, void (Station::*)(), Station*>(std::__invoke_memfun_deref, void (Station::*&&)(), Station*&&) (invoke.h:74)
==15536==    by 0x11B436: std::__invoke_result<void (Station::*)(), Station*>::type std::__invoke<void (Station::*)(), Station*>(void (Station::*&&)(), Station*&&) (invoke.h:96)
==15536==    by 0x11B2F6: void std::thread::_Invoker<std::tuple<void (Station::*)(), Station*> >::_M_invoke<0ul, 1ul>(std::_Index_tuple<0ul, 1ul>) (std_thread.h:252)
==15536==    by 0x11B25D: std::thread::_Invoker<std::tuple<void (Station::*)(), Station*> >::operator()() (std_thread.h:259)
==15536==    by 0x11B21D: std::thread::_State_impl<std::thread::_Invoker<std::tuple<void (Station::*)(), Station*> > >::_M_run() (std_thread.h:210)
==15536==    by 0x49AD3A2: ??? (in /usr/lib/x86_64-linux-gnu/libstdc++.so.6.0.30)
==15536==    by 0x484F96A: ??? (in /usr/libexec/valgrind/vgpreload_helgrind-amd64-linux.so)
==15536== ----------------------------------------------------------------
==15536== 
==15536== Thread #8: Exiting thread still holds 1 lock
==15536==    at 0x484CCCF: ??? (in /usr/libexec/valgrind/vgpreload_helgrind-amd64-linux.so)
==15536==    by 0x112E22: __gthread_mutex_lock(pthread_mutex_t*) (gthr-default.h:749)
==15536==    by 0x112EA3: std::mutex::lock() (std_mutex.h:100)
==15536==    by 0x11309F: std::lock_guard<std::mutex>::lock_guard(std::mutex&) (std_mutex.h:229)
==15536==    by 0x1122CF: Station::arrivingMechanism() (Station.cpp:79)
==15536==    by 0x11B59E: void std::__invoke_impl<void, void (Station::*)(), Station*>(std::__invoke_memfun_deref, void (Station::*&&)(), Station*&&) (invoke.h:74)
==15536==    by 0x11B436: std::__invoke_result<void (Station::*)(), Station*>::type std::__invoke<void (Station::*)(), Station*>(void (Station::*&&)(), Station*&&) (invoke.h:96)
==15536==    by 0x11B2F6: void std::thread::_Invoker<std::tuple<void (Station::*)(), Station*> >::_M_invoke<0ul, 1ul>(std::_Index_tuple<0ul, 1ul>) (std_thread.h:252)
==15536==    by 0x11B25D: std::thread::_Invoker<std::tuple<void (Station::*)(), Station*> >::operator()() (std_thread.h:259)
==15536==    by 0x11B21D: std::thread::_State_impl<std::thread::_Invoker<std::tuple<void (Station::*)(), Station*> > >::_M_run() (std_thread.h:210)
==15536==    by 0x49AD3A2: ??? (in /usr/lib/x86_64-linux-gnu/libstdc++.so.6.0.30)
==15536==    by 0x484F96A: ??? (in /usr/libexec/valgrind/vgpreload_helgrind-amd64-linux.so)
==15536== 
==15536== 
==15536== ERROR SUMMARY: 12 errors from 5 contexts (suppressed: 49 from 7)
==15536== 
==15536== 1 errors in context 1 of 5:
==15536== ----------------------------------------------------------------
==15536== 
==15536== Thread #8: Exiting thread still holds 1 lock
==15536==    at 0x484CCCF: ??? (in /usr/libexec/valgrind/vgpreload_helgrind-amd64-linux.so)
==15536==    by 0x112E22: __gthread_mutex_lock(pthread_mutex_t*) (gthr-default.h:749)
==15536==    by 0x112EA3: std::mutex::lock() (std_mutex.h:100)
==15536==    by 0x11309F: std::lock_guard<std::mutex>::lock_guard(std::mutex&) (std_mutex.h:229)
==15536==    by 0x1122CF: Station::arrivingMechanism() (Station.cpp:79)
==15536==    by 0x11B59E: void std::__invoke_impl<void, void (Station::*)(), Station*>(std::__invoke_memfun_deref, void (Station::*&&)(), Station*&&) (invoke.h:74)
==15536==    by 0x11B436: std::__invoke_result<void (Station::*)(), Station*>::type std::__invoke<void (Station::*)(), Station*>(void (Station::*&&)(), Station*&&) (invoke.h:96)
==15536==    by 0x11B2F6: void std::thread::_Invoker<std::tuple<void (Station::*)(), Station*> >::_M_invoke<0ul, 1ul>(std::_Index_tuple<0ul, 1ul>) (std_thread.h:252)
==15536==    by 0x11B25D: std::thread::_Invoker<std::tuple<void (Station::*)(), Station*> >::operator()() (std_thread.h:259)
==15536==    by 0x11B21D: std::thread::_State_impl<std::thread::_Invoker<std::tuple<void (Station::*)(), Station*> > >::_M_run() (std_thread.h:210)
==15536==    by 0x49AD3A2: ??? (in /usr/lib/x86_64-linux-gnu/libstdc++.so.6.0.30)
==15536==    by 0x484F96A: ??? (in /usr/libexec/valgrind/vgpreload_helgrind-amd64-linux.so)
==15536== 
==15536== 
==15536== 2 errors in context 2 of 5:
==15536== ----------------------------------------------------------------
==15536== 
==15536== Thread #8 unlocked a not-locked lock at 0x4E22A00
==15536==    at 0x484D1E6: ??? (in /usr/libexec/valgrind/vgpreload_helgrind-amd64-linux.so)
==15536==    by 0x112E51: __gthread_mutex_unlock(pthread_mutex_t*) (gthr-default.h:779)
==15536==    by 0x112ED5: std::mutex::unlock() (std_mutex.h:118)
==15536==    by 0x1130C2: std::lock_guard<std::mutex>::~lock_guard() (std_mutex.h:235)
==15536==    by 0x112467: Station::arrivingMechanism() (Station.cpp:88)
==15536==    by 0x11B59E: void std::__invoke_impl<void, void (Station::*)(), Station*>(std::__invoke_memfun_deref, void (Station::*&&)(), Station*&&) (invoke.h:74)
==15536==    by 0x11B436: std::__invoke_result<void (Station::*)(), Station*>::type std::__invoke<void (Station::*)(), Station*>(void (Station::*&&)(), Station*&&) (invoke.h:96)
==15536==    by 0x11B2F6: void std::thread::_Invoker<std::tuple<void (Station::*)(), Station*> >::_M_invoke<0ul, 1ul>(std::_Index_tuple<0ul, 1ul>) (std_thread.h:252)
==15536==    by 0x11B25D: std::thread::_Invoker<std::tuple<void (Station::*)(), Station*> >::operator()() (std_thread.h:259)
==15536==    by 0x11B21D: std::thread::_State_impl<std::thread::_Invoker<std::tuple<void (Station::*)(), Station*> > >::_M_run() (std_thread.h:210)
==15536==    by 0x49AD3A2: ??? (in /usr/lib/x86_64-linux-gnu/libstdc++.so.6.0.30)
==15536==    by 0x484F96A: ??? (in /usr/libexec/valgrind/vgpreload_helgrind-amd64-linux.so)
==15536==  Lock at 0x4E22A00 was first observed
==15536==    at 0x484CCCF: ??? (in /usr/libexec/valgrind/vgpreload_helgrind-amd64-linux.so)
==15536==    by 0x112E22: __gthread_mutex_lock(pthread_mutex_t*) (gthr-default.h:749)
==15536==    by 0x112EA3: std::mutex::lock() (std_mutex.h:100)
==15536==    by 0x11309F: std::lock_guard<std::mutex>::lock_guard(std::mutex&) (std_mutex.h:229)
==15536==    by 0x1122CF: Station::arrivingMechanism() (Station.cpp:79)
==15536==    by 0x11B59E: void std::__invoke_impl<void, void (Station::*)(), Station*>(std::__invoke_memfun_deref, void (Station::*&&)(), Station*&&) (invoke.h:74)
==15536==    by 0x11B436: std::__invoke_result<void (Station::*)(), Station*>::type std::__invoke<void (Station::*)(), Station*>(void (Station::*&&)(), Station*&&) (invoke.h:96)
==15536==    by 0x11B2F6: void std::thread::_Invoker<std::tuple<void (Station::*)(), Station*> >::_M_invoke<0ul, 1ul>(std::_Index_tuple<0ul, 1ul>) (std_thread.h:252)
==15536==    by 0x11B25D: std::thread::_Invoker<std::tuple<void (Station::*)(), Station*> >::operator()() (std_thread.h:259)
==15536==    by 0x11B21D: std::thread::_State_impl<std::thread::_Invoker<std::tuple<void (Station::*)(), Station*> > >::_M_run() (std_thread.h:210)
==15536==    by 0x49AD3A2: ??? (in /usr/lib/x86_64-linux-gnu/libstdc++.so.6.0.30)
==15536==    by 0x484F96A: ??? (in /usr/libexec/valgrind/vgpreload_helgrind-amd64-linux.so)
==15536==  Address 0x4e22a00 is 304 bytes inside a block of size 408 alloc'd
==15536==    at 0x4847093: operator new(unsigned long) (in /usr/libexec/valgrind/vgpreload_helgrind-amd64-linux.so)
==15536==    by 0x116ADD: main (main.cpp:97)
==15536==  Block was alloc'd by thread #1
==15536== 
==15536== 
==15536== 
==15536== 2 errors in context 3 of 5:
==15536== ----------------------------------------------------------------
==15536== 
==15536== Thread #4 unlocked a not-locked lock at 0x4E22020
==15536==    at 0x484D1E6: ??? (in /usr/libexec/valgrind/vgpreload_helgrind-amd64-linux.so)
==15536==    by 0x112E51: __gthread_mutex_unlock(pthread_mutex_t*) (gthr-default.h:779)
==15536==    by 0x112ED5: std::mutex::unlock() (std_mutex.h:118)
==15536==    by 0x1130C2: std::lock_guard<std::mutex>::~lock_guard() (std_mutex.h:235)
==15536==    by 0x112467: Station::arrivingMechanism() (Station.cpp:88)
==15536==    by 0x11B59E: void std::__invoke_impl<void, void (Station::*)(), Station*>(std::__invoke_memfun_deref, void (Station::*&&)(), Station*&&) (invoke.h:74)
==15536==    by 0x11B436: std::__invoke_result<void (Station::*)(), Station*>::type std::__invoke<void (Station::*)(), Station*>(void (Station::*&&)(), Station*&&) (invoke.h:96)
==15536==    by 0x11B2F6: void std::thread::_Invoker<std::tuple<void (Station::*)(), Station*> >::_M_invoke<0ul, 1ul>(std::_Index_tuple<0ul, 1ul>) (std_thread.h:252)
==15536==    by 0x11B25D: std::thread::_Invoker<std::tuple<void (Station::*)(), Station*> >::operator()() (std_thread.h:259)
==15536==    by 0x11B21D: std::thread::_State_impl<std::thread::_Invoker<std::tuple<void (Station::*)(), Station*> > >::_M_run() (std_thread.h:210)
==15536==    by 0x49AD3A2: ??? (in /usr/lib/x86_64-linux-gnu/libstdc++.so.6.0.30)
==15536==    by 0x484F96A: ??? (in /usr/libexec/valgrind/vgpreload_helgrind-amd64-linux.so)
==15536==  Lock at 0x4E22020 was first observed
==15536==    at 0x484CCCF: ??? (in /usr/libexec/valgrind/vgpreload_helgrind-amd64-linux.so)
==15536==    by 0x112E22: __gthread_mutex_lock(pthread_mutex_t*) (gthr-default.h:749)
==15536==    by 0x112EA3: std::mutex::lock() (std_mutex.h:100)
==15536==    by 0x11309F: std::lock_guard<std::mutex>::lock_guard(std::mutex&) (std_mutex.h:229)
==15536==    by 0x1122CF: Station::arrivingMechanism() (Station.cpp:79)
==15536==    by 0x11B59E: void std::__invoke_impl<void, void (Station::*)(), Station*>(std::__invoke_memfun_deref, void (Station::*&&)(), Station*&&) (invoke.h:74)
==15536==    by 0x11B436: std::__invoke_result<void (Station::*)(), Station*>::type std::__invoke<void (Station::*)(), Station*>(void (Station::*&&)(), Station*&&) (invoke.h:96)
==15536==    by 0x11B2F6: void std::thread::_Invoker<std::tuple<void (Station::*)(), Station*> >::_M_invoke<0ul, 1ul>(std::_Index_tuple<0ul, 1ul>) (std_thread.h:252)
==15536==    by 0x11B25D: std::thread::_Invoker<std::tuple<void (Station::*)(), Station*> >::operator()() (std_thread.h:259)
==15536==    by 0x11B21D: std::thread::_State_impl<std::thread::_Invoker<std::tuple<void (Station::*)(), Station*> > >::_M_run() (std_thread.h:210)
==15536==    by 0x49AD3A2: ??? (in /usr/lib/x86_64-linux-gnu/libstdc++.so.6.0.30)
==15536==    by 0x484F96A: ??? (in /usr/libexec/valgrind/vgpreload_helgrind-amd64-linux.so)
==15536==  Address 0x4e22020 is 304 bytes inside a block of size 408 alloc'd
==15536==    at 0x4847093: operator new(unsigned long) (in /usr/libexec/valgrind/vgpreload_helgrind-amd64-linux.so)
==15536==    by 0x11694F: main (main.cpp:93)
==15536==  Block was alloc'd by thread #1
==15536== 
==15536== 
==15536== 
==15536== 3 errors in context 4 of 5:
==15536== ----------------------------------------------------------------
==15536== 
==15536== Thread #6 unlocked a not-locked lock at 0x4E22510
==15536==    at 0x484D1E6: ??? (in /usr/libexec/valgrind/vgpreload_helgrind-amd64-linux.so)
==15536==    by 0x112E51: __gthread_mutex_unlock(pthread_mutex_t*) (gthr-default.h:779)
==15536==    by 0x112ED5: std::mutex::unlock() (std_mutex.h:118)
==15536==    by 0x1130C2: std::lock_guard<std::mutex>::~lock_guard() (std_mutex.h:235)
==15536==    by 0x112467: Station::arrivingMechanism() (Station.cpp:88)
==15536==    by 0x11B59E: void std::__invoke_impl<void, void (Station::*)(), Station*>(std::__invoke_memfun_deref, void (Station::*&&)(), Station*&&) (invoke.h:74)
==15536==    by 0x11B436: std::__invoke_result<void (Station::*)(), Station*>::type std::__invoke<void (Station::*)(), Station*>(void (Station::*&&)(), Station*&&) (invoke.h:96)
==15536==    by 0x11B2F6: void std::thread::_Invoker<std::tuple<void (Station::*)(), Station*> >::_M_invoke<0ul, 1ul>(std::_Index_tuple<0ul, 1ul>) (std_thread.h:252)
==15536==    by 0x11B25D: std::thread::_Invoker<std::tuple<void (Station::*)(), Station*> >::operator()() (std_thread.h:259)
==15536==    by 0x11B21D: std::thread::_State_impl<std::thread::_Invoker<std::tuple<void (Station::*)(), Station*> > >::_M_run() (std_thread.h:210)
==15536==    by 0x49AD3A2: ??? (in /usr/lib/x86_64-linux-gnu/libstdc++.so.6.0.30)
==15536==    by 0x484F96A: ??? (in /usr/libexec/valgrind/vgpreload_helgrind-amd64-linux.so)
==15536==  Lock at 0x4E22510 was first observed
==15536==    at 0x484CCCF: ??? (in /usr/libexec/valgrind/vgpreload_helgrind-amd64-linux.so)
==15536==    by 0x112E22: __gthread_mutex_lock(pthread_mutex_t*) (gthr-default.h:749)
==15536==    by 0x112EA3: std::mutex::lock() (std_mutex.h:100)
==15536==    by 0x11309F: std::lock_guard<std::mutex>::lock_guard(std::mutex&) (std_mutex.h:229)
==15536==    by 0x1122CF: Station::arrivingMechanism() (Station.cpp:79)
==15536==    by 0x11B59E: void std::__invoke_impl<void, void (Station::*)(), Station*>(std::__invoke_memfun_deref, void (Station::*&&)(), Station*&&) (invoke.h:74)
==15536==    by 0x11B436: std::__invoke_result<void (Station::*)(), Station*>::type std::__invoke<void (Station::*)(), Station*>(void (Station::*&&)(), Station*&&) (invoke.h:96)
==15536==    by 0x11B2F6: void std::thread::_Invoker<std::tuple<void (Station::*)(), Station*> >::_M_invoke<0ul, 1ul>(std::_Index_tuple<0ul, 1ul>) (std_thread.h:252)
==15536==    by 0x11B25D: std::thread::_Invoker<std::tuple<void (Station::*)(), Station*> >::operator()() (std_thread.h:259)
==15536==    by 0x11B21D: std::thread::_State_impl<std::thread::_Invoker<std::tuple<void (Station::*)(), Station*> > >::_M_run() (std_thread.h:210)
==15536==    by 0x49AD3A2: ??? (in /usr/lib/x86_64-linux-gnu/libstdc++.so.6.0.30)
==15536==    by 0x484F96A: ??? (in /usr/libexec/valgrind/vgpreload_helgrind-amd64-linux.so)
==15536==  Address 0x4e22510 is 304 bytes inside a block of size 408 alloc'd
==15536==    at 0x4847093: operator new(unsigned long) (in /usr/libexec/valgrind/vgpreload_helgrind-amd64-linux.so)
==15536==    by 0x116A16: main (main.cpp:95)
==15536==  Block was alloc'd by thread #1
==15536== 
==15536== 
==15536== 
==15536== 4 errors in context 5 of 5:
==15536== ----------------------------------------------------------------
==15536== 
==15536== Thread #2 unlocked a not-locked lock at 0x4E21B30
==15536==    at 0x484D1E6: ??? (in /usr/libexec/valgrind/vgpreload_helgrind-amd64-linux.so)
==15536==    by 0x112E51: __gthread_mutex_unlock(pthread_mutex_t*) (gthr-default.h:779)
==15536==    by 0x112ED5: std::mutex::unlock() (std_mutex.h:118)
==15536==    by 0x1130C2: std::lock_guard<std::mutex>::~lock_guard() (std_mutex.h:235)
==15536==    by 0x112467: Station::arrivingMechanism() (Station.cpp:88)
==15536==    by 0x11B59E: void std::__invoke_impl<void, void (Station::*)(), Station*>(std::__invoke_memfun_deref, void (Station::*&&)(), Station*&&) (invoke.h:74)
==15536==    by 0x11B436: std::__invoke_result<void (Station::*)(), Station*>::type std::__invoke<void (Station::*)(), Station*>(void (Station::*&&)(), Station*&&) (invoke.h:96)
==15536==    by 0x11B2F6: void std::thread::_Invoker<std::tuple<void (Station::*)(), Station*> >::_M_invoke<0ul, 1ul>(std::_Index_tuple<0ul, 1ul>) (std_thread.h:252)
==15536==    by 0x11B25D: std::thread::_Invoker<std::tuple<void (Station::*)(), Station*> >::operator()() (std_thread.h:259)
==15536==    by 0x11B21D: std::thread::_State_impl<std::thread::_Invoker<std::tuple<void (Station::*)(), Station*> > >::_M_run() (std_thread.h:210)
==15536==    by 0x49AD3A2: ??? (in /usr/lib/x86_64-linux-gnu/libstdc++.so.6.0.30)
==15536==    by 0x484F96A: ??? (in /usr/libexec/valgrind/vgpreload_helgrind-amd64-linux.so)
==15536==  Lock at 0x4E21B30 was first observed
==15536==    at 0x484CCCF: ??? (in /usr/libexec/valgrind/vgpreload_helgrind-amd64-linux.so)
==15536==    by 0x112E22: __gthread_mutex_lock(pthread_mutex_t*) (gthr-default.h:749)
==15536==    by 0x112EA3: std::mutex::lock() (std_mutex.h:100)
==15536==    by 0x11309F: std::lock_guard<std::mutex>::lock_guard(std::mutex&) (std_mutex.h:229)
==15536==    by 0x1122CF: Station::arrivingMechanism() (Station.cpp:79)
==15536==    by 0x11B59E: void std::__invoke_impl<void, void (Station::*)(), Station*>(std::__invoke_memfun_deref, void (Station::*&&)(), Station*&&) (invoke.h:74)
==15536==    by 0x11B436: std::__invoke_result<void (Station::*)(), Station*>::type std::__invoke<void (Station::*)(), Station*>(void (Station::*&&)(), Station*&&) (invoke.h:96)
==15536==    by 0x11B2F6: void std::thread::_Invoker<std::tuple<void (Station::*)(), Station*> >::_M_invoke<0ul, 1ul>(std::_Index_tuple<0ul, 1ul>) (std_thread.h:252)
==15536==    by 0x11B25D: std::thread::_Invoker<std::tuple<void (Station::*)(), Station*> >::operator()() (std_thread.h:259)
==15536==    by 0x11B21D: std::thread::_State_impl<std::thread::_Invoker<std::tuple<void (Station::*)(), Station*> > >::_M_run() (std_thread.h:210)
==15536==    by 0x49AD3A2: ??? (in /usr/lib/x86_64-linux-gnu/libstdc++.so.6.0.30)
==15536==    by 0x484F96A: ??? (in /usr/libexec/valgrind/vgpreload_helgrind-amd64-linux.so)
==15536==  Address 0x4e21b30 is 304 bytes inside a block of size 408 alloc'd
==15536==    at 0x4847093: operator new(unsigned long) (in /usr/libexec/valgrind/vgpreload_helgrind-amd64-linux.so)
==15536==    by 0x116888: main (main.cpp:91)
==15536==  Block was alloc'd by thread #1
==15536== 
==15536== 
--15536-- 
--15536-- used_suppression:     49 helgrind-glibc2X-005 /usr/libexec/valgrind/default.supp:947
==15536== 
==15536== ERROR SUMMARY: 12 errors from 5 contexts (suppressed: 49 from 7)
